<?xml version="1.0" encoding="UTF-8"?>
<testsuite xmlns:xsi="http://www.w3.org/2001/XMLSchema-instance" xsi:noNamespaceSchemaLocation="https://maven.apache.org/surefire/maven-surefire-plugin/xsd/surefire-test-report-3.0.xsd" version="3.0" name="pe.edu.vallegrande.PedidoServiceTest" time="0.123" tests="4" errors="0" skipped="0" failures="0">
  <properties>
[...]
</properties>
  <testcase name="debeObtenerEstadoMediano" classname="pe.edu.vallegrande.PedidoServiceTest" time="0.042"/>
  <testcase name="debeCalcularTotal" classname="pe.edu.vallegrande.PedidoServiceTest" time="0.001"/>
  <testcase name="debeValidarPedidoCorrecto" classname="pe.edu.vallegrande.PedidoServiceTest" time="0.001"/>
  <testcase name="debeAplicarDescuentoClienteFrecuente" classname="pe.edu.vallegrande.PedidoServiceTest" time="0.001"/>
</testsuite>