# JRE version: OpenJDK Runtime Environment Temurin-21.0.12.1+1 (21.0.12.1+1) (build 21.0.12.1+1-LTS)
# Java VM: OpenJDK 64-Bit Server VM Temurin-21.0.12.1+1 (21.0.12.1+1-LTS, mixed mode, sharing, tiered, compressed oops, compressed class ptrs, parallel gc, windows-amd64)
GC Precious Log:
 CardTable entry size: 512
 CPUs: 12 total, 12 available
 Memory: 7832M
 Large Page Support: Disabled
 NUMA Support: Disabled
 Compressed Oops: Enabled (32-bit)
 Alignments: Space 512K, Generation 512K, Heap 2M
 Heap Min Capacity: 100M
 Heap Initial Capacity: 100M
 Heap Max Capacity: 2G
 Pre-touch: Disabled
 Parallel Workers: 10
Heap:
 PSYoungGen      total 17920K, used 6793K [0x00000000d5580000, 0x00000000d6980000, 0x0000000100000000)
  eden space 17408K, 37% used [0x00000000d5580000,0x00000000d5bca450,0x00000000d6680000)
  from space 512K, 68% used [0x00000000d6880000,0x00000000d68d8000,0x00000000d6900000)
  to   space 512K, 0% used [0x00000000d6900000,0x00000000d6900000,0x00000000d6980000)
 ParOldGen       total 68608K, used 56835K [0x0000000080000000, 0x0000000084300000, 0x00000000d5580000)
  object space 68608K, 82% used [0x0000000080000000,0x0000000083780dd0,0x0000000084300000)
 Metaspace       used 63029K, committed 64448K, reserved 1114112K
  class space    used 6673K, committed 7296K, reserved 1048576K
GC Heap History (20 events):
Event: 54.267 GC heap before
{Heap before GC invocations=53 (full 3):
 PSYoungGen      total 18432K, used 18158K [0x00000000d5580000, 0x00000000d6b00000, 0x0000000100000000)
  eden space 17408K, 100% used [0x00000000d5580000,0x00000000d6680000,0x00000000d6680000)
  from space 1024K, 73% used [0x00000000d6800000,0x00000000d68bb938,0x00000000d6900000)
  to   space 1536K, 0% used [0x00000000d6980000,0x00000000d6980000,0x00000000d6b00000)
 ParOldGen       total 68608K, used 53767K [0x0000000080000000, 0x0000000084300000, 0x00000000d5580000)
  object space 68608K, 78% used [0x0000000080000000,0x0000000083481de0,0x0000000084300000)
 Metaspace       used 62057K, committed 63552K, reserved 1114112K
  class space    used 6619K, committed 7296K, reserved 1048576K
}
Event: 54.272 GC heap after
{Heap after GC invocations=53 (full 3):
 PSYoungGen      total 18944K, used 1522K [0x00000000d5580000, 0x00000000d6b80000, 0x0000000100000000)
  eden space 17408K, 0% used [0x00000000d5580000,0x00000000d5580000,0x00000000d6680000)
  from space 1536K, 99% used [0x00000000d6980000,0x00000000d6afc848,0x00000000d6b00000)
  to   space 2560K, 0% used [0x00000000d6680000,0x00000000d6680000,0x00000000d6900000)
 ParOldGen       total 68608K, used 54408K [0x0000000080000000, 0x0000000084300000, 0x00000000d5580000)
  object space 68608K, 79% used [0x0000000080000000,0x0000000083522008,0x0000000084300000)
 Metaspace       used 62057K, committed 63552K, reserved 1114112K
  class space    used 6619K, committed 7296K, reserved 1048576K
}
Event: 54.607 GC heap before
{Heap before GC invocations=54 (full 3):
 PSYoungGen      total 18944K, used 18925K [0x00000000d5580000, 0x00000000d6b80000, 0x0000000100000000)
  eden space 17408K, 99% used [0x00000000d5580000,0x00000000d667ef88,0x00000000d6680000)
  from space 1536K, 99% used [0x00000000d6980000,0x00000000d6afc848,0x00000000d6b00000)
  to   space 2560K, 0% used [0x00000000d6680000,0x00000000d6680000,0x00000000d6900000)
 ParOldGen       total 68608K, used 54408K [0x0000000080000000, 0x0000000084300000, 0x00000000d5580000)
  object space 68608K, 79% used [0x0000000080000000,0x0000000083522008,0x0000000084300000)
 Metaspace       used 62246K, committed 63744K, reserved 1114112K
  class space    used 6620K, committed 7296K, reserved 1048576K
}
Event: 54.611 GC heap after
{Heap after GC invocations=54 (full 3):
 PSYoungGen      total 19968K, used 352K [0x00000000d5580000, 0x00000000d6a00000, 0x0000000100000000)
  eden space 17408K, 0% used [0x00000000d5580000,0x00000000d5580000,0x00000000d6680000)
  from space 2560K, 13% used [0x00000000d6680000,0x00000000d66d8000,0x00000000d6900000)
  to   space 1024K, 0% used [0x00000000d6900000,0x00000000d6900000,0x00000000d6a00000)
 ParOldGen       total 68608K, used 55772K [0x0000000080000000, 0x0000000084300000, 0x00000000d5580000)
  object space 68608K, 81% used [0x0000000080000000,0x0000000083677210,0x0000000084300000)
 Metaspace       used 62246K, committed 63744K, reserved 1114112K
  class space    used 6620K, committed 7296K, reserved 1048576K
}
Event: 54.889 GC heap before
{Heap before GC invocations=55 (full 3):
 PSYoungGen      total 19968K, used 17760K [0x00000000d5580000, 0x00000000d6a00000, 0x0000000100000000)
  eden space 17408K, 100% used [0x00000000d5580000,0x00000000d6680000,0x00000000d6680000)
  from space 2560K, 13% used [0x00000000d6680000,0x00000000d66d8000,0x00000000d6900000)
  to   space 1024K, 0% used [0x00000000d6900000,0x00000000d6900000,0x00000000d6a00000)
 ParOldGen       total 68608K, used 55772K [0x0000000080000000, 0x0000000084300000, 0x00000000d5580000)
  object space 68608K, 81% used [0x0000000080000000,0x0000000083677210,0x0000000084300000)
 Metaspace       used 62310K, committed 63808K, reserved 1114112K
  class space    used 6620K, committed 7296K, reserved 1048576K
}
Event: 54.891 GC heap after
{Heap after GC invocations=55 (full 3):
 PSYoungGen      total 18432K, used 544K [0x00000000d5580000, 0x00000000d6a00000, 0x0000000100000000)
  eden space 17408K, 0% used [0x00000000d5580000,0x00000000d5580000,0x00000000d6680000)
  from space 1024K, 53% used [0x00000000d6900000,0x00000000d6988000,0x00000000d6a00000)
  to   space 1024K, 0% used [0x00000000d6800000,0x00000000d6800000,0x00000000d6900000)
 ParOldGen       total 68608K, used 55828K [0x0000000080000000, 0x0000000084300000, 0x00000000d5580000)
  object space 68608K, 81% used [0x0000000080000000,0x0000000083685210,0x0000000084300000)
 Metaspace       used 62310K, committed 63808K, reserved 1114112K
  class space    used 6620K, committed 7296K, reserved 1048576K
}
Event: 55.220 GC heap before
{Heap before GC invocations=56 (full 3):
 PSYoungGen      total 18432K, used 17952K [0x00000000d5580000, 0x00000000d6a00000, 0x0000000100000000)
  eden space 17408K, 100% used [0x00000000d5580000,0x00000000d6680000,0x00000000d6680000)
  from space 1024K, 53% used [0x00000000d6900000,0x00000000d6988000,0x00000000d6a00000)
  to   space 1024K, 0% used [0x00000000d6800000,0x00000000d6800000,0x00000000d6900000)
 ParOldGen       total 68608K, used 55828K [0x0000000080000000, 0x0000000084300000, 0x00000000d5580000)
  object space 68608K, 81% used [0x0000000080000000,0x0000000083685210,0x0000000084300000)
 Metaspace       used 62689K, committed 64192K, reserved 1114112K
  class space    used 6652K, committed 7296K, reserved 1048576K
}
Event: 55.222 GC heap after
{Heap after GC invocations=56 (full 3):
 PSYoungGen      total 18432K, used 644K [0x00000000d5580000, 0x00000000d6980000, 0x0000000100000000)
  eden space 17408K, 0% used [0x00000000d5580000,0x00000000d5580000,0x00000000d6680000)
  from space 1024K, 62% used [0x00000000d6800000,0x00000000d68a12f0,0x00000000d6900000)
  to   space 512K, 0% used [0x00000000d6900000,0x00000000d6900000,0x00000000d6980000)
 ParOldGen       total 68608K, used 55836K [0x0000000080000000, 0x0000000084300000, 0x00000000d5580000)
  object space 68608K, 81% used [0x0000000080000000,0x0000000083687210,0x0000000084300000)
 Metaspace       used 62689K, committed 64192K, reserved 1114112K
  class space    used 6652K, committed 7296K, reserved 1048576K
}
Event: 55.516 GC heap before
{Heap before GC invocations=57 (full 3):
 PSYoungGen      total 18432K, used 18052K [0x00000000d5580000, 0x00000000d6980000, 0x0000000100000000)
  eden space 17408K, 100% used [0x00000000d5580000,0x00000000d6680000,0x00000000d6680000)
  from space 1024K, 62% used [0x00000000d6800000,0x00000000d68a12f0,0x00000000d6900000)
  to   space 512K, 0% used [0x00000000d6900000,0x00000000d6900000,0x00000000d6980000)
 ParOldGen       total 68608K, used 55836K [0x0000000080000000, 0x0000000084300000, 0x00000000d5580000)
  object space 68608K, 81% used [0x0000000080000000,0x0000000083687210,0x0000000084300000)
 Metaspace       used 62711K, committed 64192K, reserved 1114112K
  class space    used 6652K, committed 7296K, reserved 1048576K
}
Event: 55.518 GC heap after
{Heap after GC invocations=57 (full 3):
 PSYoungGen      total 17920K, used 384K [0x00000000d5580000, 0x00000000d6980000, 0x0000000100000000)
  eden space 17408K, 0% used [0x00000000d5580000,0x00000000d5580000,0x00000000d6680000)
  from space 512K, 75% used [0x00000000d6900000,0x00000000d6960000,0x00000000d6980000)
  to   space 512K, 0% used [0x00000000d6880000,0x00000000d6880000,0x00000000d6900000)
 ParOldGen       total 68608K, used 56273K [0x0000000080000000, 0x0000000084300000, 0x00000000d5580000)
  object space 68608K, 82% used [0x0000000080000000,0x00000000836f4500,0x0000000084300000)
 Metaspace       used 62711K, committed 64192K, reserved 1114112K
  class space    used 6652K, committed 7296K, reserved 1048576K
}
Event: 55.905 GC heap before
{Heap before GC invocations=58 (full 3):
 PSYoungGen      total 17920K, used 17235K [0x00000000d5580000, 0x00000000d6980000, 0x0000000100000000)
  eden space 17408K, 96% used [0x00000000d5580000,0x00000000d65f4fb8,0x00000000d6680000)
  from space 512K, 75% used [0x00000000d6900000,0x00000000d6960000,0x00000000d6980000)
  to   space 512K, 0% used [0x00000000d6880000,0x00000000d6880000,0x00000000d6900000)
 ParOldGen       total 68608K, used 56273K [0x0000000080000000, 0x0000000084300000, 0x00000000d5580000)
  object space 68608K, 82% used [0x0000000080000000,0x00000000836f4500,0x0000000084300000)
 Metaspace       used 62744K, committed 64192K, reserved 1114112K
  class space    used 6653K, committed 7296K, reserved 1048576K
}
Event: 55.907 GC heap after
{Heap after GC invocations=58 (full 3):
 PSYoungGen      total 17920K, used 256K [0x00000000d5580000, 0x00000000d6980000, 0x0000000100000000)
  eden space 17408K, 0% used [0x00000000d5580000,0x00000000d5580000,0x00000000d6680000)
  from space 512K, 50% used [0x00000000d6880000,0x00000000d68c0000,0x00000000d6900000)
  to   space 512K, 0% used [0x00000000d6900000,0x00000000d6900000,0x00000000d6980000)
 ParOldGen       total 68608K, used 56321K [0x0000000080000000, 0x0000000084300000, 0x00000000d5580000)
  object space 68608K, 82% used [0x0000000080000000,0x0000000083700500,0x0000000084300000)
 Metaspace       used 62744K, committed 64192K, reserved 1114112K
  class space    used 6653K, committed 7296K, reserved 1048576K
}
Event: 56.135 GC heap before
{Heap before GC invocations=59 (full 3):
 PSYoungGen      total 17920K, used 17656K [0x00000000d5580000, 0x00000000d6980000, 0x0000000100000000)
  eden space 17408K, 99% used [0x00000000d5580000,0x00000000d667e078,0x00000000d6680000)
  from space 512K, 50% used [0x00000000d6880000,0x00000000d68c0000,0x00000000d6900000)
  to   space 512K, 0% used [0x00000000d6900000,0x00000000d6900000,0x00000000d6980000)
 ParOldGen       total 68608K, used 56321K [0x0000000080000000, 0x0000000084300000, 0x00000000d5580000)
  object space 68608K, 82% used [0x0000000080000000,0x0000000083700500,0x0000000084300000)
 Metaspace       used 62754K, committed 64192K, reserved 1114112K
  class space    used 6653K, committed 7296K, reserved 1048576K
}
Event: 56.137 GC heap after
{Heap after GC invocations=59 (full 3):
 PSYoungGen      total 17920K, used 352K [0x00000000d5580000, 0x00000000d6980000, 0x0000000100000000)
  eden space 17408K, 0% used [0x00000000d5580000,0x00000000d5580000,0x00000000d6680000)
  from space 512K, 68% used [0x00000000d6900000,0x00000000d6958000,0x00000000d6980000)
  to   space 512K, 0% used [0x00000000d6880000,0x00000000d6880000,0x00000000d6900000)
 ParOldGen       total 68608K, used 56385K [0x0000000080000000, 0x0000000084300000, 0x00000000d5580000)
  object space 68608K, 82% used [0x0000000080000000,0x0000000083710500,0x0000000084300000)
 Metaspace       used 62754K, committed 64192K, reserved 1114112K
  class space    used 6653K, committed 7296K, reserved 1048576K
}
Event: 56.389 GC heap before
{Heap before GC invocations=60 (full 3):
 PSYoungGen      total 17920K, used 17760K [0x00000000d5580000, 0x00000000d6980000, 0x0000000100000000)
  eden space 17408K, 100% used [0x00000000d5580000,0x00000000d6680000,0x00000000d6680000)
  from space 512K, 68% used [0x00000000d6900000,0x00000000d6958000,0x00000000d6980000)
  to   space 512K, 0% used [0x00000000d6880000,0x00000000d6880000,0x00000000d6900000)
 ParOldGen       total 68608K, used 56385K [0x0000000080000000, 0x0000000084300000, 0x00000000d5580000)
  object space 68608K, 82% used [0x0000000080000000,0x0000000083710500,0x0000000084300000)
 Metaspace       used 62781K, committed 64256K, reserved 1114112K
  class space    used 6653K, committed 7296K, reserved 1048576K
}
Event: 56.391 GC heap after
{Heap after GC invocations=60 (full 3):
 PSYoungGen      total 17920K, used 320K [0x00000000d5580000, 0x00000000d6980000, 0x0000000100000000)
  eden space 17408K, 0% used [0x00000000d5580000,0x00000000d5580000,0x00000000d6680000)
  from space 512K, 62% used [0x00000000d6880000,0x00000000d68d0000,0x00000000d6900000)
  to   space 512K, 0% used [0x00000000d6900000,0x00000000d6900000,0x00000000d6980000)
 ParOldGen       total 68608K, used 56481K [0x0000000080000000, 0x0000000084300000, 0x00000000d5580000)
  object space 68608K, 82% used [0x0000000080000000,0x0000000083728500,0x0000000084300000)
 Metaspace       used 62781K, committed 64256K, reserved 1114112K
  class space    used 6653K, committed 7296K, reserved 1048576K
}
Event: 57.284 GC heap before
{Heap before GC invocations=61 (full 3):
 PSYoungGen      total 17920K, used 17728K [0x00000000d5580000, 0x00000000d6980000, 0x0000000100000000)
  eden space 17408K, 100% used [0x00000000d5580000,0x00000000d6680000,0x00000000d6680000)
  from space 512K, 62% used [0x00000000d6880000,0x00000000d68d0000,0x00000000d6900000)
  to   space 512K, 0% used [0x00000000d6900000,0x00000000d6900000,0x00000000d6980000)
 ParOldGen       total 68608K, used 56481K [0x0000000080000000, 0x0000000084300000, 0x00000000d5580000)
  object space 68608K, 82% used [0x0000000080000000,0x0000000083728500,0x0000000084300000)
 Metaspace       used 62873K, committed 64320K, reserved 1114112K
  class space    used 6661K, committed 7296K, reserved 1048576K
}
Event: 57.286 GC heap after
{Heap after GC invocations=61 (full 3):
 PSYoungGen      total 17920K, used 320K [0x00000000d5580000, 0x00000000d6980000, 0x0000000100000000)
  eden space 17408K, 0% used [0x00000000d5580000,0x00000000d5580000,0x00000000d6680000)
  from space 512K, 62% used [0x00000000d6900000,0x00000000d6950000,0x00000000d6980000)
  to   space 512K, 0% used [0x00000000d6880000,0x00000000d6880000,0x00000000d6900000)
 ParOldGen       total 68608K, used 56649K [0x0000000080000000, 0x0000000084300000, 0x00000000d5580000)
  object space 68608K, 82% used [0x0000000080000000,0x0000000083752500,0x0000000084300000)
 Metaspace       used 62873K, committed 64320K, reserved 1114112K
  class space    used 6661K, committed 7296K, reserved 1048576K
}
Event: 57.571 GC heap before
{Heap before GC invocations=62 (full 3):
 PSYoungGen      total 17920K, used 17728K [0x00000000d5580000, 0x00000000d6980000, 0x0000000100000000)
  eden space 17408K, 100% used [0x00000000d5580000,0x00000000d6680000,0x00000000d6680000)
  from space 512K, 62% used [0x00000000d6900000,0x00000000d6950000,0x00000000d6980000)
  to   space 512K, 0% used [0x00000000d6880000,0x00000000d6880000,0x00000000d6900000)
 ParOldGen       total 68608K, used 56649K [0x0000000080000000, 0x0000000084300000, 0x00000000d5580000)
  object space 68608K, 82% used [0x0000000080000000,0x0000000083752500,0x0000000084300000)
 Metaspace       used 62941K, committed 64384K, reserved 1114112K
  class space    used 6664K, committed 7296K, reserved 1048576K
}
Event: 57.573 GC heap after
{Heap after GC invocations=62 (full 3):
 PSYoungGen      total 17920K, used 352K [0x00000000d5580000, 0x00000000d6980000, 0x0000000100000000)
  eden space 17408K, 0% used [0x00000000d5580000,0x00000000d5580000,0x00000000d6680000)
  from space 512K, 68% used [0x00000000d6880000,0x00000000d68d8000,0x00000000d6900000)
  to   space 512K, 0% used [0x00000000d6900000,0x00000000d6900000,0x00000000d6980000)
 ParOldGen       total 68608K, used 56835K [0x0000000080000000, 0x0000000084300000, 0x00000000d5580000)
  object space 68608K, 82% used [0x0000000080000000,0x0000000083780dd0,0x0000000084300000)
 Metaspace       used 62941K, committed 64384K, reserved 1114112K
  class space    used 6664K, committed 7296K, reserved 1048576K
}

