<?xml version="1.0" encoding="UTF-8" standalone="yes"?><!DOCTYPE report PUBLIC "-//JACOCO//DTD Report 1.1//EN" "report.dtd"><report name="reto-refactorizacion"><sessioninfo id="luis-61f126f3" start="1788531585536" dump="1788531586795"/><package name="pe/edu/vallegrande"><class name="pe/edu/vallegrande/PedidoService" sourcefilename="PedidoService.java"><method name="&lt;init&gt;" desc="()V" line="3"><counter type="INSTRUCTION" missed="0" covered="3"/><counter type="LINE" missed="0" covered="1"/><counter type="COMPLEXITY" missed="0" covered="1"/><counter type="METHOD" missed="0" covered="1"/></method><method name="calcularTotal" desc="(DIZ)D" line="11"><counter type="INSTRUCTION" missed="6" covered="18"/><counter type="BRANCH" missed="2" covered="4"/><counter type="LINE" missed="2" covered="6"/><counter type="COMPLEXITY" missed="2" covered="2"/><counter type="METHOD" missed="0" covered="1"/></method><method name="obtenerEstado" desc="(D)Ljava/lang/String;" line="30"><counter type="INSTRUCTION" missed="6" covered="14"/><counter type="BRANCH" missed="3" covered="3"/><counter type="LINE" missed="3" covered="4"/><counter type="COMPLEXITY" missed="3" covered="1"/><counter type="METHOD" missed="0" covered="1"/></method><method name="validarPedido" desc="(Ljava/lang/String;I)Z" line="42"><counter type="INSTRUCTION" missed="3" covered="20"/><counter type="BRANCH" missed="5" covered="5"/><counter type="LINE" missed="0" covered="3"/><counter type="COMPLEXITY" missed="5" covered="1"/><counter type="METHOD" missed="0" covered="1"/></method><counter type="INSTRUCTION" missed="15" covered="55"/><counter type="BRANCH" missed="10" covered="12"/><counter type="LINE" missed="5" covered="14"/><counter type="COMPLEXITY" missed="10" covered="5"/><counter type="METHOD" missed="0" covered="4"/><counter type="CLASS" missed="0" covered="1"/></class><sourcefile name="PedidoService.java"><line nr="3" mi="0" ci="3" mb="0" cb="0"/><line nr="11" mi="0" ci="2" mb="1" cb="1"/><line nr="12" mi="2" ci="0" mb="0" cb="0"/><line nr="15" mi="0" ci="5" mb="0" cb="0"/><line nr="17" mi="0" ci="2" mb="0" cb="2"/><line nr="18" mi="0" ci="4" mb="0" cb="0"/><line nr="21" mi="0" ci="3" mb="1" cb="1"/><line nr="22" mi="4" ci="0" mb="0" cb="0"/><line nr="25" mi="0" ci="2" mb="0" cb="0"/><line nr="30" mi="0" ci="4" mb="1" cb="1"/><line nr="31" mi="2" ci="0" mb="0" cb="0"/><line nr="32" mi="0" ci="4" mb="1" cb="1"/><line nr="33" mi="2" ci="0" mb="0" cb="0"/><line nr="34" mi="0" ci="4" mb="1" cb="1"/><line nr="35" mi="0" ci="2" mb="0" cb="0"/><line nr="37" mi="2" ci="0" mb="0" cb="0"/><line nr="42" mi="1" ci="8" mb="2" cb="2"/><line nr="43" mi="1" ci="5" mb="1" cb="1"/><line nr="44" mi="1" ci="7" mb="2" cb="2"/><counter type="INSTRUCTION" missed="15" covered="55"/><counter type="BRANCH" missed="10" covered="12"/><counter type="LINE" missed="5" covered="14"/><counter type="COMPLEXITY" missed="10" covered="5"/><counter type="METHOD" missed="0" covered="4"/><counter type="CLASS" missed="0" covered="1"/></sourcefile><counter type="INSTRUCTION" missed="15" covered="55"/><counter type="BRANCH" missed="10" covered="12"/><counter type="LINE" missed="5" covered="14"/><counter type="COMPLEXITY" missed="10" covered="5"/><counter type="METHOD" missed="0" covered="4"/><counter type="CLASS" missed="0" covered="1"/></package><counter type="INSTRUCTION" missed="15" covered="55"/><counter type="BRANCH" missed="10" covered="12"/><counter type="LINE" missed="5" covered="14"/><counter type="COMPLEXITY" missed="10" covered="5"/><counter type="METHOD" missed="0" covered="4"/><counter type="CLASS" missed="0" covered="1"/></report>